{"/Users/jonathanbrooks/projects/courses/code-401/resty/src/App.jsx": {"path":"/Users/jonathanbrooks/projects/courses/code-401/resty/src/App.jsx","statementMap":{"0":{"start":{"line":10,"column":12},"end":{"line":59,"column":1}},"1":{"start":{"line":11,"column":32},"end":{"line":11,"column":47}},"2":{"start":{"line":12,"column":50},"end":{"line":15,"column":4}},"3":{"start":{"line":18,"column":2},"end":{"line":41,"column":39}},"4":{"start":{"line":19,"column":4},"end":{"line":19,"column":121}},"5":{"start":{"line":19,"column":114},"end":{"line":19,"column":121}},"6":{"start":{"line":20,"column":4},"end":{"line":20,"column":48}},"7":{"start":{"line":21,"column":20},"end":{"line":39,"column":5}},"8":{"start":{"line":22,"column":6},"end":{"line":22,"column":23}},"9":{"start":{"line":24,"column":6},"end":{"line":37,"column":7}},"10":{"start":{"line":25,"column":25},"end":{"line":31,"column":10}},"11":{"start":{"line":33,"column":21},"end":{"line":33,"column":42}},"12":{"start":{"line":34,"column":8},"end":{"line":34,"column":69}},"13":{"start":{"line":34,"column":44},"end":{"line":34,"column":66}},"14":{"start":{"line":36,"column":8},"end":{"line":36,"column":38}},"15":{"start":{"line":38,"column":6},"end":{"line":38,"column":24}},"16":{"start":{"line":40,"column":6},"end":{"line":40,"column":16}},"17":{"start":{"line":46,"column":2},"end":{"line":58,"column":4}}},"fnMap":{"0":{"name":"(anonymous_0)","decl":{"start":{"line":10,"column":12},"end":{"line":10,"column":13}},"loc":{"start":{"line":10,"column":18},"end":{"line":59,"column":1}},"line":10},"1":{"name":"(anonymous_1)","decl":{"start":{"line":18,"column":12},"end":{"line":18,"column":13}},"loc":{"start":{"line":18,"column":18},"end":{"line":41,"column":3}},"line":18},"2":{"name":"(anonymous_2)","decl":{"start":{"line":21,"column":20},"end":{"line":21,"column":21}},"loc":{"start":{"line":21,"column":32},"end":{"line":39,"column":5}},"line":21},"3":{"name":"(anonymous_3)","decl":{"start":{"line":34,"column":28},"end":{"line":34,"column":29}},"loc":{"start":{"line":34,"column":44},"end":{"line":34,"column":66}},"line":34}},"branchMap":{"0":{"loc":{"start":{"line":19,"column":4},"end":{"line":19,"column":121}},"type":"if","locations":[{"start":{"line":19,"column":4},"end":{"line":19,"column":121}},{"start":{},"end":{}}],"line":19},"1":{"loc":{"start":{"line":19,"column":7},"end":{"line":19,"column":112}},"type":"binary-expr","locations":[{"start":{"line":19,"column":7},"end":{"line":19,"column":42}},{"start":{"line":19,"column":46},"end":{"line":19,"column":67}},{"start":{"line":19,"column":71},"end":{"line":19,"column":112}}],"line":19},"2":{"loc":{"start":{"line":27,"column":16},"end":{"line":27,"column":115}},"type":"cond-expr","locations":[{"start":{"line":27,"column":66},"end":{"line":27,"column":70}},{"start":{"line":27,"column":73},"end":{"line":27,"column":115}}],"line":27}},"s":{"0":1,"1":5,"2":5,"3":5,"4":4,"5":3,"6":1,"7":1,"8":1,"9":1,"10":1,"11":0,"12":0,"13":0,"14":1,"15":1,"16":1,"17":5},"f":{"0":5,"1":4,"2":1,"3":0},"b":{"0":[3,1],"1":[4,1,0],"2":[0,0]},"_coverageSchema":"1a1c01bbd47fc00a2c39e90264f33305004495a9","hash":"17b3f3a5fdf63d25bffaf23a2122825b6971a1bb"}
,"/Users/jonathanbrooks/projects/courses/code-401/resty/src/Components/Footer/index.jsx": {"path":"/Users/jonathanbrooks/projects/courses/code-401/resty/src/Components/Footer/index.jsx","statementMap":{"0":{"start":{"line":3,"column":15},"end":{"line":7,"column":1}},"1":{"start":{"line":4,"column":2},"end":{"line":6,"column":3}}},"fnMap":{"0":{"name":"(anonymous_0)","decl":{"start":{"line":3,"column":15},"end":{"line":3,"column":16}},"loc":{"start":{"line":3,"column":21},"end":{"line":7,"column":1}},"line":3}},"branchMap":{},"s":{"0":1,"1":4},"f":{"0":4},"b":{},"_coverageSchema":"1a1c01bbd47fc00a2c39e90264f33305004495a9","hash":"16976b3ca29c26e557f0d64b2d976a01eef92d5b"}
,"/Users/jonathanbrooks/projects/courses/code-401/resty/src/Components/Form/index.jsx": {"path":"/Users/jonathanbrooks/projects/courses/code-401/resty/src/Components/Form/index.jsx","statementMap":{"0":{"start":{"line":4,"column":13},"end":{"line":111,"column":1}},"1":{"start":{"line":5,"column":34},"end":{"line":9,"column":4}},"2":{"start":{"line":11,"column":36},"end":{"line":11,"column":51}},"3":{"start":{"line":13,"column":22},"end":{"line":19,"column":3}},"4":{"start":{"line":14,"column":28},"end":{"line":14,"column":40}},"5":{"start":{"line":15,"column":4},"end":{"line":18,"column":7}},"6":{"start":{"line":21,"column":29},"end":{"line":26,"column":3}},"7":{"start":{"line":22,"column":4},"end":{"line":25,"column":7}},"8":{"start":{"line":28,"column":23},"end":{"line":51,"column":3}},"9":{"start":{"line":29,"column":4},"end":{"line":29,"column":27}},"10":{"start":{"line":30,"column":4},"end":{"line":30,"column":70}},"11":{"start":{"line":31,"column":4},"end":{"line":31,"column":23}},"12":{"start":{"line":48,"column":4},"end":{"line":50,"column":13}},"13":{"start":{"line":49,"column":6},"end":{"line":49,"column":26}},"14":{"start":{"line":52,"column":2},"end":{"line":110,"column":4}},"15":{"start":{"line":71,"column":27},"end":{"line":71,"column":52}},"16":{"start":{"line":78,"column":27},"end":{"line":78,"column":53}},"17":{"start":{"line":85,"column":27},"end":{"line":85,"column":52}},"18":{"start":{"line":92,"column":27},"end":{"line":92,"column":55}}},"fnMap":{"0":{"name":"(anonymous_0)","decl":{"start":{"line":4,"column":13},"end":{"line":4,"column":14}},"loc":{"start":{"line":4,"column":58},"end":{"line":111,"column":1}},"line":4},"1":{"name":"(anonymous_1)","decl":{"start":{"line":13,"column":22},"end":{"line":13,"column":23}},"loc":{"start":{"line":13,"column":33},"end":{"line":19,"column":3}},"line":13},"2":{"name":"(anonymous_2)","decl":{"start":{"line":21,"column":29},"end":{"line":21,"column":30}},"loc":{"start":{"line":21,"column":41},"end":{"line":26,"column":3}},"line":21},"3":{"name":"(anonymous_3)","decl":{"start":{"line":28,"column":23},"end":{"line":28,"column":24}},"loc":{"start":{"line":28,"column":40},"end":{"line":51,"column":3}},"line":28},"4":{"name":"(anonymous_4)","decl":{"start":{"line":48,"column":15},"end":{"line":48,"column":16}},"loc":{"start":{"line":48,"column":21},"end":{"line":50,"column":5}},"line":48},"5":{"name":"(anonymous_5)","decl":{"start":{"line":71,"column":21},"end":{"line":71,"column":22}},"loc":{"start":{"line":71,"column":27},"end":{"line":71,"column":52}},"line":71},"6":{"name":"(anonymous_6)","decl":{"start":{"line":78,"column":21},"end":{"line":78,"column":22}},"loc":{"start":{"line":78,"column":27},"end":{"line":78,"column":53}},"line":78},"7":{"name":"(anonymous_7)","decl":{"start":{"line":85,"column":21},"end":{"line":85,"column":22}},"loc":{"start":{"line":85,"column":27},"end":{"line":85,"column":52}},"line":85},"8":{"name":"(anonymous_8)","decl":{"start":{"line":92,"column":21},"end":{"line":92,"column":22}},"loc":{"start":{"line":92,"column":27},"end":{"line":92,"column":55}},"line":92}},"branchMap":{"0":{"loc":{"start":{"line":70,"column":23},"end":{"line":70,"column":64}},"type":"cond-expr","locations":[{"start":{"line":70,"column":51},"end":{"line":70,"column":59}},{"start":{"line":70,"column":62},"end":{"line":70,"column":64}}],"line":70},"1":{"loc":{"start":{"line":77,"column":23},"end":{"line":77,"column":65}},"type":"cond-expr","locations":[{"start":{"line":77,"column":52},"end":{"line":77,"column":60}},{"start":{"line":77,"column":63},"end":{"line":77,"column":65}}],"line":77},"2":{"loc":{"start":{"line":84,"column":23},"end":{"line":84,"column":64}},"type":"cond-expr","locations":[{"start":{"line":84,"column":51},"end":{"line":84,"column":59}},{"start":{"line":84,"column":62},"end":{"line":84,"column":64}}],"line":84},"3":{"loc":{"start":{"line":91,"column":23},"end":{"line":91,"column":67}},"type":"cond-expr","locations":[{"start":{"line":91,"column":54},"end":{"line":91,"column":62}},{"start":{"line":91,"column":65},"end":{"line":91,"column":67}}],"line":91},"4":{"loc":{"start":{"line":107,"column":9},"end":{"line":107,"column":39}},"type":"binary-expr","locations":[{"start":{"line":107,"column":9},"end":{"line":107,"column":18}},{"start":{"line":107,"column":22},"end":{"line":107,"column":39}}],"line":107}},"s":{"0":1,"1":5,"2":5,"3":5,"4":1,"5":1,"6":5,"7":0,"8":5,"9":1,"10":1,"11":1,"12":1,"13":0,"14":5,"15":0,"16":0,"17":0,"18":0},"f":{"0":5,"1":1,"2":0,"3":1,"4":0,"5":0,"6":0,"7":0,"8":0},"b":{"0":[5,0],"1":[0,5],"2":[0,5],"3":[0,5],"4":[5,1]},"_coverageSchema":"1a1c01bbd47fc00a2c39e90264f33305004495a9","hash":"ef8201ecd3f8e4044cdccd3f605c272276f61af6"}
,"/Users/jonathanbrooks/projects/courses/code-401/resty/src/Components/Header/index.jsx": {"path":"/Users/jonathanbrooks/projects/courses/code-401/resty/src/Components/Header/index.jsx","statementMap":{"0":{"start":{"line":3,"column":15},"end":{"line":9,"column":1}},"1":{"start":{"line":4,"column":2},"end":{"line":8,"column":4}}},"fnMap":{"0":{"name":"(anonymous_0)","decl":{"start":{"line":3,"column":15},"end":{"line":3,"column":16}},"loc":{"start":{"line":3,"column":21},"end":{"line":9,"column":1}},"line":3}},"branchMap":{},"s":{"0":1,"1":4},"f":{"0":4},"b":{},"_coverageSchema":"1a1c01bbd47fc00a2c39e90264f33305004495a9","hash":"99df17395a21ea0eee0c5d9e1b936793829cf7fa"}
,"/Users/jonathanbrooks/projects/courses/code-401/resty/src/Components/Results/index.jsx": {"path":"/Users/jonathanbrooks/projects/courses/code-401/resty/src/Components/Results/index.jsx","statementMap":{"0":{"start":{"line":3,"column":16},"end":{"line":9,"column":1}},"1":{"start":{"line":4,"column":2},"end":{"line":8,"column":4}}},"fnMap":{"0":{"name":"(anonymous_0)","decl":{"start":{"line":3,"column":16},"end":{"line":3,"column":17}},"loc":{"start":{"line":3,"column":39},"end":{"line":9,"column":1}},"line":3}},"branchMap":{"0":{"loc":{"start":{"line":6,"column":7},"end":{"line":6,"column":79}},"type":"cond-expr","locations":[{"start":{"line":6,"column":17},"end":{"line":6,"column":34}},{"start":{"line":6,"column":37},"end":{"line":6,"column":79}}],"line":6}},"s":{"0":1,"1":4},"f":{"0":4},"b":{"0":[0,4]},"_coverageSchema":"1a1c01bbd47fc00a2c39e90264f33305004495a9","hash":"dc9e348fcfd73d36ac52af1e9a39738621f022f9"}
}
