TN:
SF:src/App.jsx
FN:10,(anonymous_0)
FN:18,(anonymous_1)
FN:21,(anonymous_2)
FN:34,(anonymous_3)
FNF:4
FNH:3
FNDA:5,(anonymous_0)
FNDA:4,(anonymous_1)
FNDA:1,(anonymous_2)
FNDA:0,(anonymous_3)
DA:10,1
DA:11,5
DA:12,5
DA:18,5
DA:19,4
DA:20,1
DA:21,1
DA:22,1
DA:24,1
DA:25,1
DA:33,0
DA:34,0
DA:36,1
DA:38,1
DA:40,1
DA:46,5
LF:16
LH:14
BRDA:19,0,0,3
BRDA:19,0,1,1
BRDA:19,1,0,4
BRDA:19,1,1,1
BRDA:19,1,2,0
BRDA:27,2,0,0
BRDA:27,2,1,0
BRF:7
BRH:4
end_of_record
TN:
SF:src/Components/Footer/index.jsx
FN:3,(anonymous_0)
FNF:1
FNH:1
FNDA:4,(anonymous_0)
DA:3,1
DA:4,4
LF:2
LH:2
BRF:0
BRH:0
end_of_record
TN:
SF:src/Components/Form/index.jsx
FN:4,(anonymous_0)
FN:13,(anonymous_1)
FN:21,(anonymous_2)
FN:28,(anonymous_3)
FN:48,(anonymous_4)
FN:71,(anonymous_5)
FN:78,(anonymous_6)
FN:85,(anonymous_7)
FN:92,(anonymous_8)
FNF:9
FNH:3
FNDA:5,(anonymous_0)
FNDA:1,(anonymous_1)
FNDA:0,(anonymous_2)
FNDA:1,(anonymous_3)
FNDA:0,(anonymous_4)
FNDA:0,(anonymous_5)
FNDA:0,(anonymous_6)
FNDA:0,(anonymous_7)
FNDA:0,(anonymous_8)
DA:4,1
DA:5,5
DA:11,5
DA:13,5
DA:14,1
DA:15,1
DA:21,5
DA:22,0
DA:28,5
DA:29,1
DA:30,1
DA:31,1
DA:48,1
DA:49,0
DA:52,5
DA:71,0
DA:78,0
DA:85,0
DA:92,0
LF:19
LH:13
BRDA:70,0,0,5
BRDA:70,0,1,0
BRDA:77,1,0,0
BRDA:77,1,1,5
BRDA:84,2,0,0
BRDA:84,2,1,5
BRDA:91,3,0,0
BRDA:91,3,1,5
BRDA:107,4,0,5
BRDA:107,4,1,1
BRF:10
BRH:6
end_of_record
TN:
SF:src/Components/Header/index.jsx
FN:3,(anonymous_0)
FNF:1
FNH:1
FNDA:4,(anonymous_0)
DA:3,1
DA:4,4
LF:2
LH:2
BRF:0
BRH:0
end_of_record
TN:
SF:src/Components/Results/index.jsx
FN:3,(anonymous_0)
FNF:1
FNH:1
FNDA:4,(anonymous_0)
DA:3,1
DA:4,4
LF:2
LH:2
BRDA:6,0,0,0
BRDA:6,0,1,4
BRF:2
BRH:1
end_of_record
